<?xml version="1.0" encoding="UTF-8"?>
<!-- Generated by org.testng.reporters.JUnitReportReporter -->
<testsuite hostname="LPTGhulamnabi" failures="0" tests="4" name="Test_Scenarios.TheSecondUnitTest" time="0.022" errors="0" timestamp="2022-06-28T19:46:05 PKT" skipped="0">
  <testcase classname="Test_Scenarios.TheSecondUnitTest" name="whenTestCase1_thenPrintTest1_1" time="0.016"/>
  <system-out>
    <![CDATA[Running When Case1: test1_1]]>
  </system-out>
  <testcase classname="Test_Scenarios.TheSecondUnitTest" name="whenTestCase1_thenPrintTest1_3" time="0.003"/>
  <system-out>
    <![CDATA[Running When Case1: test1_3]]>
  </system-out>
  <testcase classname="Test_Scenarios.TheSecondUnitTest" name="whenTestCase1_thenPrintTest1_2" time="0.002"/>
  <system-out>
    <![CDATA[Running When Case1: test1_2]]>
  </system-out>
  <testcase classname="Test_Scenarios.TheSecondUnitTest" name="whenTestCase2_thenPrintTest2_1" time="0.001"/>
  <system-out>
    <![CDATA[Running When Case2: test2_1]]>
  </system-out>
</testsuite> <!-- Test_Scenarios.TheSecondUnitTest -->
