<?xml version="1.0" encoding="UTF-8"?>
<!-- Generated by org.testng.reporters.JUnitReportReporter -->
<testsuite hostname="DESKTOP-UT2PU7U" failures="0" tests="3" name="Test_Scenarios.DataStewardship_Tasks_Scenarios" time="22.839" errors="0" timestamp="2022-08-10T18:45:27 PKT" skipped="0">
  <testcase classname="Test_Scenarios.DataStewardship_Tasks_Scenarios" name="Task_02" time="3.098"/>
  <system-out>
    <![CDATA[Opening Task Queue 
Opening Task with Native ID: 95c79ff6-b13f-11ec-969b-5eed9e44174a
Trigger Record (source, id) Label is present
Task Category Label is present
Date Created Label is present
Match Score Label is present
Status Label is present
Resolution Label is present
Assignee Label is present
Identity button is present
Identity workspace heading is present
View History Label is present
Merge icon is present
Link icon is present
Unlink icon is present
Comment icon is present
Comment text is present
Field Label is present
Gender Label is present
First Name Label is present
Middle Name Label is present
Last Name Label is present
SSN Label is present
Address 1 Label is present
Address 2 Label is present
City Label is present
State Label is present
Postal Label is present
Email Label is present
Phone Number Label is present]]>
  </system-out>
  <testcase classname="Test_Scenarios.DataStewardship_Tasks_Scenarios" name="Task_03" time="2.766"/>
  <system-out>
    <![CDATA[Opening Task Queue 
Opening Task with Native ID: 95c79ff6-b13f-11ec-969b-5eed9e44174a
Task Details are opened
Trigger Source Value is verified
Trigger Record ID Value is verified
Task Category Value is verified
Date Created Value is verified
Created By Value is verified
Task Type Value is verified
Created By User Value is verified
Trigger Record (source, id) color is verified
Trigger Record (source, id) Font size is verified
Trigger Record (source, id) Font Family is verified
Trigger Record (source, id) Background color is verified
Task Category color is verified
Task Category font size is verified
Task Category font family is verified
Task Label Background color is verified
Date Created Label color is verified
Date Created Label font size is verified
Date Created Label font family is verified
Date Label Background color is verified
Task Type Label color is verified
Task Type Label Font size is verified
Task Type Label Font Family is verified
Task Type Label Background color is verified
Status Label color is verified
Status Label Font size is verified
Status Label Font family is verified
Status Label Background color is verified
Resolution Label color is verified
Resolution Label font size is verified
Resolution Label font family is verified
Resoltuion Label Background color is verified
Assignee Label color is verified
Assignee Label font size is verified
Assignee Label font family is verified
Assignee Label Background color is verified
Indentity Summary color is verified
Indentity Summary Font size is verified
Indentity Summary Font Family is verified
Indentity Summary Background color is verified
Comment Label color is verified
Comment Label Font size is verified
Comment Label Font Family is verified
Comment Label Background color is verified
Identity Workspace Label color is verified
Identity Workspace Label Font size is verified
Identity Workspace Label Font Family is verified
Identity Workspace Label Background color is verified]]>
  </system-out>
  <testcase classname="Test_Scenarios.DataStewardship_Tasks_Scenarios" name="Task_01" time="16.975"/>
  <system-out>
    <![CDATA[Navitaging to Tasks 
Opening Task Queue 
Clicking on First Task to Get SSN
Navigating to Search for New Task Creation
SSN is entered
Clicking on Retrieve Button
Checking checkbox is dispalyed or not
Checking Checkbox is already checked or not
Selected checkbox to review in workspace
Clicked Review in Workspace button
Task Closed]]>
  </system-out>
</testsuite> <!-- Test_Scenarios.DataStewardship_Tasks_Scenarios -->
