<?xml version="1.0" encoding="UTF-8"?>
<!-- Generated by org.testng.reporters.JUnitReportReporter -->
<testsuite hostname="LPTGhulamnabi" failures="0" tests="9" name="Test_Scenarios.LaunchpadScenarios" time="83.449" errors="0" timestamp="2022-06-03T13:36:20 PKT" skipped="0">
  <testcase classname="Test_Scenarios.LaunchpadScenarios" name="PS_05_open_First_Task" time="2.251"/>
  <system-out/>
  <testcase classname="Test_Scenarios.LaunchpadScenarios" name="PS_07_Source_History_Visualization" time="0.238"/>
  <system-out>
    <![CDATA[Data Visualization toggle button is checked ]]>
  </system-out>
  <testcase classname="Test_Scenarios.LaunchpadScenarios" name="PS_09_Verify_Native_ID_Values" time="1.133"/>
  <system-out>
    <![CDATA[The Address Value is : ,
, VIENNA, VA,
22180
The License value is : 1111
The NPI value is : 
The Native ID value is : 1004
The Number of comments : 4
The Patient Name is SMITH
Credentials are :
The Phone value is : ]]>
  </system-out>
  <testcase classname="Test_Scenarios.LaunchpadScenarios" name="PS_02_Navigate_To_Provider_Stewardship" time="2.149"/>
  <system-out/>
  <testcase classname="Test_Scenarios.LaunchpadScenarios" name="PS_03_Navigate_To_Search_Tab" time="45.351"/>
  <system-out/>
  <testcase classname="Test_Scenarios.LaunchpadScenarios" name="PS_01_User_Login" time="30.688"/>
  <system-out>
    <![CDATA[Entered User Name 
Password Entered 
Login Button is Clicked 
First mail is clicked 
The Token is: DK7 2V4]]>
  </system-out>
  <testcase classname="Test_Scenarios.LaunchpadScenarios" name="PS_04_Search_by_first_and_last_name" time="0.774"/>
  <system-out/>
  <testcase classname="Test_Scenarios.LaunchpadScenarios" name="PS_06_verify_task_header_details" time="0.179"/>
  <system-out>
    <![CDATA[This is Task's Entity Type : 
Provider
This is Task's Link ID : 
6294ad3d7701606ff4bb04d8
This is Task's Created date : 
]]>
  </system-out>
  <testcase classname="Test_Scenarios.LaunchpadScenarios" name="PS_08_Verify_static_values" time="0.686"/>
  <system-out>
    <![CDATA[Address
License
NPI
Native ID
Comments
Name
Credential
Phone]]>
  </system-out>
</testsuite> <!-- Test_Scenarios.LaunchpadScenarios -->
