<?xml version="1.0" encoding="UTF-8"?>
<!-- Generated by org.testng.reporters.JUnitReportReporter -->
<testsuite hostname="LPTGhulamnabi" failures="0" tests="2" name="NewTest" time="0.007" errors="0" timestamp="2022-03-15T12:19:56 PKT" skipped="0">
  <testcase classname="NewTest" name="f" time="0.006"/>
  <system-out/>
  <testcase classname="NewTest" name="f" time="0.001"/>
  <system-out/>
</testsuite> <!-- NewTest -->
