<?xml version="1.0" encoding="UTF-8"?>
<!-- Generated by org.testng.reporters.JUnitReportReporter -->
<testsuite hostname="LPTGhulamnabi" failures="0" tests="1" name="Utils.TestLogin" time="8.287" errors="0" timestamp="2022-07-27T19:27:36 PKT" skipped="0">
  <testcase classname="Utils.TestLogin" name="LoginAPI" time="8.287"/>
  <system-out/>
</testsuite> <!-- Utils.TestLogin -->
