<?xml version="1.0" encoding="UTF-8"?>
<!-- Generated by org.testng.reporters.JUnitReportReporter -->
<testsuite hostname="LPTGhulamnabi" failures="0" tests="1" name="Test_Scenarios.LoginScenarios" time="25.859" errors="0" timestamp="2022-08-11T15:20:45 PKT" skipped="0">
  <testcase classname="Test_Scenarios.LoginScenarios" name="LOG_05_ValidCredentials" time="25.859"/>
  <system-out>
    <![CDATA[Credentials are added Successfully 
This is current Url: https://staging-verato.stella-apps.com/auth/login/verification
First mail is clicked 
The Verification Token is: N1F ZXE
https://www.mailinator.com/v4/public/inboxes.jsp?msgid=portal2-dev-account-1660213230-1196637257
https://staging-verato.stella-apps.com/auth/login/verification
Verification Key is Entered]]>
  </system-out>
</testsuite> <!-- Test_Scenarios.LoginScenarios -->
