<?xml version="1.0" encoding="UTF-8"?>
<!-- Generated by org.testng.reporters.JUnitReportReporter -->
<testsuite hostname="DESKTOP-TM5T3EA" failures="0" tests="9" name="Test_Scenarios.LaunchpadScenarios" time="56.854" errors="0" timestamp="2022-06-02T13:09:11 PKT" skipped="0">
  <testcase classname="Test_Scenarios.LaunchpadScenarios" name="TC_2_VerifyPageURL" time="0.030"/>
  <system-out>
    <![CDATA[Page URL verified successfully ]]>
  </system-out>
  <testcase classname="Test_Scenarios.LaunchpadScenarios" name="TC_3_VerifyPageTitle" time="0.015"/>
  <system-out>
    <![CDATA[Page title verified successfully ]]>
  </system-out>
  <testcase classname="Test_Scenarios.LaunchpadScenarios" name="TC_4_VerifyLoggedInUsername" time="0.042"/>
  <system-out>
    <![CDATA[Username verified successfully ]]>
  </system-out>
  <testcase classname="Test_Scenarios.LaunchpadScenarios" name="TC_5_VerifyCustomerPortalLabel" time="0.036"/>
  <system-out>
    <![CDATA[Customer portal label verified successfully ]]>
  </system-out>
  <testcase classname="Test_Scenarios.LaunchpadScenarios" name="TC_1_VisitLaunchpad" time="35.747"/>
  <system-out>
    <![CDATA[Entered User Name 
Password Entered 
Login Button is Clicked 
First mail is clicked 
The Token is: RZF YWB]]>
  </system-out>
  <testcase classname="Test_Scenarios.LaunchpadScenarios" name="TC_9_VerifyImageToBeClickable" time="14.629"/>
  <system-out>
    <![CDATA[First Image is clicked 
Provider card is Clicked ]]>
  </system-out>
  <testcase classname="Test_Scenarios.LaunchpadScenarios" name="TC_8_ClickPreviousIcon" time="3.169"/>
  <system-out>
    <![CDATA[Previous icon is clicked ]]>
  </system-out>
  <testcase classname="Test_Scenarios.LaunchpadScenarios" name="TC_7_ClickNextIcon" time="3.078"/>
  <system-out>
    <![CDATA[Next icon is clicked ]]>
  </system-out>
  <testcase classname="Test_Scenarios.LaunchpadScenarios" name="TC_6_VerifyStewardshipCardToBeDisplayed" time="0.108"/>
  <system-out>
    <![CDATA[Data Stewardship Card is displayed ]]>
  </system-out>
</testsuite> <!-- Test_Scenarios.LaunchpadScenarios -->
