<?xml version="1.0" encoding="UTF-8"?>
<!-- Generated by org.testng.reporters.JUnitReportReporter -->
<testsuite hostname="LPTGhulamnabi" failures="0" tests="13" name="Test_Scenarios.SearchScenarios" time="118.493" errors="0" timestamp="2022-08-15T12:43:19 PKT" skipped="0">
  <testcase classname="Test_Scenarios.SearchScenarios" name="PS_01_User_Login" time="13.451"/>
  <system-out>
    <![CDATA[User Name is : stella-test-user-stella-provider-dev-link-5
Password is :  aqiyn2T8a5CgrsGF!
Login Button is Clicked 
This is current Url: https://staging-verato.stella-apps.com/auth/login/verification
First mail is clicked 
The Verification Token is: T37 0IL
https://www.mailinator.com/v4/public/inboxes.jsp?msgid=stella-test-user-stella-provider-dev-link-5-1660549286-262633345
https://staging-verato.stella-apps.com/auth/login/verification
Verification Key is Entered]]>
  </system-out>
  <testcase classname="Test_Scenarios.SearchScenarios" name="PS_02_Navigate_To_Provider_Stewardship" time="7.185"/>
  <system-out>
    <![CDATA[Provider card is Clicked ]]>
  </system-out>
  <testcase classname="Test_Scenarios.SearchScenarios" name="PS_03_Navigate_To_Search_Tab" time="9.098"/>
  <system-out>
    <![CDATA[Search Tab Is Clicked]]>
  </system-out>
  <testcase classname="Test_Scenarios.SearchScenarios" name="PS_04_Demographics_Search_by_name" time="6.247"/>
  <system-out/>
  <testcase classname="Test_Scenarios.SearchScenarios" name="PS_05_Demographics_Search_by_address" time="15.420"/>
  <system-out/>
  <testcase classname="Test_Scenarios.SearchScenarios" name="PS_06_Demographics_Search_by_NPI" time="3.081"/>
  <system-out/>
  <testcase classname="Test_Scenarios.SearchScenarios" name="PS_07_Demographics_Search_by_Phone" time="3.101"/>
  <system-out/>
  <testcase classname="Test_Scenarios.SearchScenarios" name="PS_08_Demographics_Search_by_Credentials" time="3.084"/>
  <system-out/>
  <testcase classname="Test_Scenarios.SearchScenarios" name="PS_09_Demographics_Search_by_Speciality" time="3.109"/>
  <system-out/>
  <testcase classname="Test_Scenarios.SearchScenarios" name="PS_10_Demographics_Search_by_ZipCode" time="3.101"/>
  <system-out/>
  <testcase classname="Test_Scenarios.SearchScenarios" name="PS_11_Demographics_Search_by_License" time="3.093"/>
  <system-out/>
  <testcase classname="Test_Scenarios.SearchScenarios" name="PS_12_Search_by_linkID" time="9.204"/>
  <system-out/>
  <testcase classname="Test_Scenarios.SearchScenarios" name="PS_13_Search_by_Source_and_NativeID" time="39.319"/>
  <system-out/>
</testsuite> <!-- Test_Scenarios.SearchScenarios -->
