<?xml version="1.0" encoding="UTF-8"?>
<!-- Generated by org.testng.reporters.JUnitReportReporter -->
<testsuite hostname="LPTGhulamnabi" failures="0" tests="6" name="Test_Scenarios.DataStewardship_OverlayLog_Scenarios" time="34.046" errors="0" timestamp="2022-04-27T11:42:16 PKT" skipped="0">
  <testcase classname="Test_Scenarios.DataStewardship_OverlayLog_Scenarios" name="TC_7_SelectAllTasks" time="0.225"/>
  <system-out/>
  <testcase classname="Test_Scenarios.DataStewardship_OverlayLog_Scenarios" name="TC_6_Change_Match_Score" time="2.079"/>
  <system-out>
    <![CDATA[Match score filter dropdown is Clicked 
Left slider is moved in match score 
Right slider is moved in match score 
Match score filter is selected through input 1 
Match score filter is selected through input 2 ]]>
  </system-out>
  <testcase classname="Test_Scenarios.DataStewardship_OverlayLog_Scenarios" name="TC_4_Select_Created_Date_Filter" time="1.803"/>
  <system-out>
    <![CDATA[Created date filter dropdown is Clicked 
Date selected between 1 April 2022 and 6 April 2022
Clear button is clicked
1 April 2022 is selected
Clear button is clicked
Created date filter dropdown is Clicked ]]>
  </system-out>
  <testcase classname="Test_Scenarios.DataStewardship_OverlayLog_Scenarios" name="TC_1_VisitDashboard" time="3.972"/>
  <system-out>
    <![CDATA[Entered User Name 
Password Entered 
Login Button is Clicked ]]>
  </system-out>
  <testcase classname="Test_Scenarios.DataStewardship_OverlayLog_Scenarios" name="TC_2_Change_Source_Filter" time="22.905"/>
  <system-out>
    <![CDATA[OverLay Log Tab Clicked 
Source filter dropdown is Clicked 
Cerner entered in input search
Source filter dropdown is Clicked ]]>
  </system-out>
  <testcase classname="Test_Scenarios.DataStewardship_OverlayLog_Scenarios" name="TC_3_Change_Status_Filter" time="3.062"/>
  <system-out>
    <![CDATA[Status filter dropdown is Clicked 
Deferred status entered in input search
Status filter dropdown is Clicked ]]>
  </system-out>
</testsuite> <!-- Test_Scenarios.DataStewardship_OverlayLog_Scenarios -->
