<?xml version="1.0" encoding="UTF-8"?>
<!-- Generated by org.testng.reporters.JUnitReportReporter -->
<testsuite hostname="LPTGhulamnabi" failures="0" tests="1" name="Test_Scenarios.QA" time="0.198" errors="0" timestamp="2022-07-12T15:19:58 PKT" skipped="0">
  <testcase classname="Test_Scenarios.QA" name="loginPageTest" time="0.198"/>
  <system-out/>
</testsuite> <!-- Test_Scenarios.QA -->
