<?xml version="1.0" encoding="UTF-8"?>
<!-- Generated by org.testng.reporters.JUnitReportReporter -->
<testsuite hostname="DESKTOP-UT2PU7U" failures="0" tests="1" name="Test_Scenarios.DataStewardship_Search_Scenarios" time="15.557" errors="0" timestamp="2022-08-12T21:42:12 PKT" skipped="0">
  <testcase classname="Test_Scenarios.DataStewardship_Search_Scenarios" name="TC_2_Open_SearchTab" time="15.557"/>
  <system-out>
    <![CDATA[Navitaging to Tasks 
Opening Seacrh Tab
Search Type: LinkID is selected
62e82c1cea46f53995b934ca is entered
Clicking on Retrieve Button
Link ID is verified and it's value is: 62e82c1cea46f53995b934ca
Expanding Task Information for verification
Task Source is verified and value is: salesforce
Task Native ID is verified and value is: 95c79ff6-b13f-11ec-969b-5eed9e44174a
Task Name is verified and value is: HEATHER SMITH
Task SSN is verified and value is: 905191429
Task DOB is verified and value is: 2006-07-04
Task Address is verified and value is: 39648 SANCHEZ PATH
Task Address is verified and value is: 2138377]]>
  </system-out>
</testsuite> <!-- Test_Scenarios.DataStewardship_Search_Scenarios -->
